<?xml version="1.0" encoding="UTF-8"?>
<testsuite xmlns:xsi="http://www.w3.org/2001/XMLSchema-instance" xsi:noNamespaceSchemaLocation="https://maven.apache.org/surefire/maven-surefire-plugin/xsd/surefire-test-report.xsd" version="3.0.2" name="perfectapp.PerfectNumberCheckerTest" time="0.53" tests="1" errors="0" skipped="0" failures="1">
  <properties>
[...]
</properties>
  <testcase name="perfect number checker" classname="perfectapp.PerfectNumberCheckerTest" time="0.339">
    <failure message="Multiple Failures (9 failures)&#10;	org.spockframework.runtime.ConditionFailedWithExceptionError: Condition failed with Exception:&#10;&#10;isPerfectNumber(number) == result&#10;|               |&#10;|               6&#10;groovy.lang.MissingMethodException: No signature of method: perfectapp.PerfectNumberCheckerTest.isPerfectNumber() is applicable for argument types: (Integer) values: [6]&#10;	at perfectapp.PerfectNumberCheckerTest.perfect number checker(PerfectNumberCheckerTest.groovy:10)&#10;&#10;	org.spockframework.runtime.ConditionFailedWithExceptionError: Condition failed with Exception:&#10;&#10;isPerfectNumber(number) == result&#10;|               |&#10;|               28&#10;groovy.lang.MissingMethodException: No signature of method: perfectapp.PerfectNumberCheckerTest.isPerfectNumber() is applicable for argument types: (Integer) values: [28]&#10;	at perfectapp.PerfectNumberCheckerTest.perfect number checker(PerfectNumberCheckerTest.groovy:10)&#10;&#10;	org.spockframework.runtime.ConditionFailedWithExceptionError: Condition failed with Exception:&#10;&#10;isPerfectNumber(number) == result&#10;|               |&#10;|               496&#10;groovy.lang.MissingMethodException: No signature of method: perfectapp.PerfectNumberCheckerTest.isPerfectNumber() is applicable for argument types: (Integer) values: [496]&#10;	at perfectapp.PerfectNumberCheckerTest.perfect number checker(PerfectNumberCheckerTest.groovy:10)&#10;&#10;	org.spockframework.runtime.ConditionFailedWithExceptionError: Condition failed with Exception:&#10;&#10;isPerfectNumber(number) == result&#10;|               |&#10;|               8128&#10;groovy.lang.MissingMethodException: No signature of method: perfectapp.PerfectNumberCheckerTest.isPerfectNumber() is applicable for argument types: (Integer) values: [8128]&#10;	at perfectapp.PerfectNumberCheckerTest.perfect number checker(PerfectNumberCheckerTest.groovy:10)&#10;&#10;	org.spockframework.runtime.ConditionFailedWithExceptionError: Condition failed with Exception:&#10;&#10;isPerfectNumber(number) == result&#10;|               |&#10;|               1&#10;groovy.lang.MissingMethodException: No signature of method: perfectapp.PerfectNumberCheckerTest.isPerfectNumber() is applicable for argument types: (Integer) values: [1]&#10;	at perfectapp.PerfectNumberCheckerTest.perfect number checker(PerfectNumberCheckerTest.groovy:10)&#10;&#10;	org.spockframework.runtime.ConditionFailedWithExceptionError: Condition failed with Exception:&#10;&#10;isPerfectNumber(number) == result&#10;|               |&#10;|               2&#10;groovy.lang.MissingMethodException: No signature of method: perfectapp.PerfectNumberCheckerTest.isPerfectNumber() is applicable for argument types: (Integer) values: [2]&#10;	at perfectapp.PerfectNumberCheckerTest.perfect number checker(PerfectNumberCheckerTest.groovy:10)&#10;&#10;	org.spockframework.runtime.ConditionFailedWithExceptionError: Condition failed with Exception:&#10;&#10;isPerfectNumber(number) == result&#10;|               |&#10;|               3&#10;groovy.lang.MissingMethodException: No signature of method: perfectapp.PerfectNumberCheckerTest.isPerfectNumber() is applicable for argument types: (Integer) values: [3]&#10;	at perfectapp.PerfectNumberCheckerTest.perfect number checker(PerfectNumberCheckerTest.groovy:10)&#10;&#10;	org.spockframework.runtime.ConditionFailedWithExceptionError: Condition failed with Exception:&#10;&#10;isPerfectNumber(number) == result&#10;|               |&#10;|               12&#10;groovy.lang.MissingMethodException: No signature of method: perfectapp.PerfectNumberCheckerTest.isPerfectNumber() is applicable for argument types: (Integer) values: [12]&#10;	at perfectapp.PerfectNumberCheckerTest.perfect number checker(PerfectNumberCheckerTest.groovy:10)&#10;&#10;	org.spockframework.runtime.ConditionFailedWithExceptionError: Condition failed with Exception:&#10;&#10;isPerfectNumber(number) == result&#10;|               |&#10;|               -1&#10;groovy.lang.MissingMethodException: No signature of method: perfectapp.PerfectNumberCheckerTest.isPerfectNumber() is applicable for argument types: (Integer) values: [-1]&#10;	at perfectapp.PerfectNumberCheckerTest.perfect number checker(PerfectNumberCheckerTest.groovy:10)&#10;" type="org.opentest4j.MultipleFailuresError"><![CDATA[org.opentest4j.MultipleFailuresError: 
Multiple Failures (9 failures)
	org.spockframework.runtime.ConditionFailedWithExceptionError: Condition failed with Exception:

isPerfectNumber(number) == result
|               |
|               6
groovy.lang.MissingMethodException: No signature of method: perfectapp.PerfectNumberCheckerTest.isPerfectNumber() is applicable for argument types: (Integer) values: [6]
	at perfectapp.PerfectNumberCheckerTest.perfect number checker(PerfectNumberCheckerTest.groovy:10)

	org.spockframework.runtime.ConditionFailedWithExceptionError: Condition failed with Exception:

isPerfectNumber(number) == result
|               |
|               28
groovy.lang.MissingMethodException: No signature of method: perfectapp.PerfectNumberCheckerTest.isPerfectNumber() is applicable for argument types: (Integer) values: [28]
	at perfectapp.PerfectNumberCheckerTest.perfect number checker(PerfectNumberCheckerTest.groovy:10)

	org.spockframework.runtime.ConditionFailedWithExceptionError: Condition failed with Exception:

isPerfectNumber(number) == result
|               |
|               496
groovy.lang.MissingMethodException: No signature of method: perfectapp.PerfectNumberCheckerTest.isPerfectNumber() is applicable for argument types: (Integer) values: [496]
	at perfectapp.PerfectNumberCheckerTest.perfect number checker(PerfectNumberCheckerTest.groovy:10)

	org.spockframework.runtime.ConditionFailedWithExceptionError: Condition failed with Exception:

isPerfectNumber(number) == result
|               |
|               8128
groovy.lang.MissingMethodException: No signature of method: perfectapp.PerfectNumberCheckerTest.isPerfectNumber() is applicable for argument types: (Integer) values: [8128]
	at perfectapp.PerfectNumberCheckerTest.perfect number checker(PerfectNumberCheckerTest.groovy:10)

	org.spockframework.runtime.ConditionFailedWithExceptionError: Condition failed with Exception:

isPerfectNumber(number) == result
|               |
|               1
groovy.lang.MissingMethodException: No signature of method: perfectapp.PerfectNumberCheckerTest.isPerfectNumber() is applicable for argument types: (Integer) values: [1]
	at perfectapp.PerfectNumberCheckerTest.perfect number checker(PerfectNumberCheckerTest.groovy:10)

	org.spockframework.runtime.ConditionFailedWithExceptionError: Condition failed with Exception:

isPerfectNumber(number) == result
|               |
|               2
groovy.lang.MissingMethodException: No signature of method: perfectapp.PerfectNumberCheckerTest.isPerfectNumber() is applicable for argument types: (Integer) values: [2]
	at perfectapp.PerfectNumberCheckerTest.perfect number checker(PerfectNumberCheckerTest.groovy:10)

	org.spockframework.runtime.ConditionFailedWithExceptionError: Condition failed with Exception:

isPerfectNumber(number) == result
|               |
|               3
groovy.lang.MissingMethodException: No signature of method: perfectapp.PerfectNumberCheckerTest.isPerfectNumber() is applicable for argument types: (Integer) values: [3]
	at perfectapp.PerfectNumberCheckerTest.perfect number checker(PerfectNumberCheckerTest.groovy:10)

	org.spockframework.runtime.ConditionFailedWithExceptionError: Condition failed with Exception:

isPerfectNumber(number) == result
|               |
|               12
groovy.lang.MissingMethodException: No signature of method: perfectapp.PerfectNumberCheckerTest.isPerfectNumber() is applicable for argument types: (Integer) values: [12]
	at perfectapp.PerfectNumberCheckerTest.perfect number checker(PerfectNumberCheckerTest.groovy:10)

	org.spockframework.runtime.ConditionFailedWithExceptionError: Condition failed with Exception:

isPerfectNumber(number) == result
|               |
|               -1
groovy.lang.MissingMethodException: No signature of method: perfectapp.PerfectNumberCheckerTest.isPerfectNumber() is applicable for argument types: (Integer) values: [-1]
	at perfectapp.PerfectNumberCheckerTest.perfect number checker(PerfectNumberCheckerTest.groovy:10)

	at perfectapp.PerfectNumberCheckerTest.perfect number checker(PerfectNumberCheckerTest.groovy:10)
]]></failure>
  </testcase>
</testsuite>